This is pdfTeX, Version 3.14159265-2.6-1.40.18 (MiKTeX 2.9.6300) (preloaded format=latex 2018.12.3)  3 DEC 2018 12:03
entering extended mode
**tagmmdi_v1
("C:\Program Files (x86)\MiKTeX 2.9\tex\latex\tools\q.tex"
LaTeX2e <2017-04-15>
Babel <3.9r> and hyphenation patterns for 75 language(s) loaded.
File ignored
)
! Emergency stop.
<*> tagmmdi_v1
              
*** (job aborted, no legal \end found)

 
Here is how much of TeX's memory you used:
 8 strings out of 493329
 219 string characters out of 3136564
 53402 words of memory out of 3000000
 3640 multiletter control sequences out of 15000+200000
 3640 words of font info for 14 fonts, out of 3000000 for 9000
 1141 hyphenation exceptions out of 8191
 5i,0n,1p,91b,8s stack positions out of 5000i,500n,10000p,200000b,50000s
No pages of output.
