\BOOKMARK [1][-]{section.1}{Theory}{}% 1
\BOOKMARK [2][-]{subsection.1.1}{Gibbs sampler}{section.1}% 2
\BOOKMARK [3][-]{subsubsection.1.1.1}{Monte Carlo integration}{subsection.1.1}% 3
\BOOKMARK [3][-]{subsubsection.1.1.2}{Markov chains}{subsection.1.1}% 4
\BOOKMARK [3][-]{subsubsection.1.1.3}{Markov-Chain Monte Carlo methods}{subsection.1.1}% 5
\BOOKMARK [2][-]{subsection.1.2}{Mixture models}{section.1}% 6
\BOOKMARK [2][-]{subsection.1.3}{Conjugate priors}{section.1}% 7
\BOOKMARK [3][-]{subsubsection.1.3.1}{Continuous}{subsection.1.3}% 8
\BOOKMARK [3][-]{subsubsection.1.3.2}{Categorical}{subsection.1.3}% 9
\BOOKMARK [2][-]{subsection.1.4}{Multiple dataset integration}{section.1}% 10
\BOOKMARK [2][-]{subsection.1.5}{Protein localisation}{section.1}% 11
\BOOKMARK [2][-]{subsection.1.6}{T-augmented Gaussian mixture models}{section.1}% 12
\BOOKMARK [2][-]{subsection.1.7}{GO terms}{section.1}% 13
\BOOKMARK [2][-]{subsection.1.8}{tagmmdi}{section.1}% 14
\BOOKMARK [1][-]{section.2}{Results}{}% 15
\BOOKMARK [1][-]{section.3}{Conclusions and further work}{}% 16
\BOOKMARK [1][-]{section.4}{Self-reflection}{}% 17
\BOOKMARK [1][-]{appendix.A}{MDI model derivations}{}% 18
\BOOKMARK [2][-]{subsection.A.1}{v}{appendix.A}% 19
\BOOKMARK [2][-]{subsection.A.2}{kl}{appendix.A}% 20
\BOOKMARK [2][-]{subsection.A.3}{}{appendix.A}% 21
\BOOKMARK [3][-]{subsubsection.A.3.1}{Conditional probability}{subsection.A.3}% 22
\BOOKMARK [3][-]{subsubsection.A.3.2}{Posterior distribution}{subsection.A.3}% 23
\BOOKMARK [1][-]{section*.8}{References}{}% 24
